<?xml version="1.0" encoding="UTF-8"?>
<!-- Generated by org.testng.reporters.JUnitReportReporter -->
<testsuite skipped="0" hostname="EBHVR04-06" name="sa.keyDriven.TestRun" tests="1" failures="0" timestamp="18 Aug 2017 07:06:01 GMT" time="23.992" errors="0">
  <testcase name="test" time="23.992" classname="sa.keyDriven.TestRun"/>
</testsuite> <!-- sa.keyDriven.TestRun -->
